app/build/intermediates/manifest_merge_blame_file/debug/manifest-merger-blame-debug-report.txt
1<?xml version="1.0" encoding="utf-8"?>
2<manifest xmlns:android="http://schemas.android.com/apk/res/android"
3    package="com.appsnipp.education"
4    android:versionCode="1"
5    android:versionName="1.0" >
6
7    <uses-sdk
8        android:minSdkVersion="21"
8-->src/main/AndroidManifest.xml
9        android:targetSdkVersion="30" />
9-->src/main/AndroidManifest.xml
10
11    <uses-permission android:name="android.permission.ACCESS_FINE_LOCATION" />
11-->src/main/AndroidManifest.xml:6:5-79
11-->src/main/AndroidManifest.xml:6:22-76
12    <uses-permission android:name="android.permission.ACCESS_COARSE_LOCATION" />
12-->src/main/AndroidManifest.xml:7:5-81
12-->src/main/AndroidManifest.xml:7:22-78
13    <uses-permission android:name="android.permission.INTERNET" />
13-->src/main/AndroidManifest.xml:8:5-67
13-->src/main/AndroidManifest.xml:8:22-64
14    <uses-permission android:name="android.permission.ACCESS_WIFI_STATE" />
14-->src/main/AndroidManifest.xml:9:5-76
14-->src/main/AndroidManifest.xml:9:22-73
15    <uses-permission android:name="android.permission.ACCESS_NETWORK_STATE" />
15-->src/main/AndroidManifest.xml:10:5-79
15-->src/main/AndroidManifest.xml:10:22-76
16
17    <!-- Permission will be merged into the manifest of the hosting app. -->
18    <!-- Is required to launch foreground extraction service for targetSdkVersion 28+. -->
19    <uses-permission android:name="android.permission.FOREGROUND_SERVICE" />
19-->[com.google.android.play:core:1.7.2] AndroidManifest.xml:8:3-74
19-->[com.google.android.play:core:1.7.2] AndroidManifest.xml:8:20-72
20
21    <application
21-->src/main/AndroidManifest.xml:12:5-64:19
22        android:name="com.appsnipp.education.App"
22-->src/main/AndroidManifest.xml:13:9-28
23        android:allowBackup="true"
23-->src/main/AndroidManifest.xml:14:9-35
24        android:appComponentFactory="androidx.core.app.CoreComponentFactory"
24-->[androidx.core:core:1.3.1] AndroidManifest.xml:24:18-86
25        android:debuggable="true"
26        android:icon="@mipmap/ic_launcher"
26-->src/main/AndroidManifest.xml:15:9-43
27        android:label="@string/app_name"
27-->src/main/AndroidManifest.xml:16:9-41
28        android:roundIcon="@mipmap/ic_launcher_round"
28-->src/main/AndroidManifest.xml:17:9-54
29        android:supportsRtl="true"
29-->src/main/AndroidManifest.xml:18:9-35
30        android:testOnly="true"
31        android:theme="@style/AppTheme"
31-->src/main/AndroidManifest.xml:19:9-40
32        android:usesCleartextTraffic="true" >
32-->src/main/AndroidManifest.xml:20:9-44
33        <activity android:name="com.appsnipp.education.AdminActivity" />
33-->src/main/AndroidManifest.xml:22:9-60
33-->src/main/AndroidManifest.xml:22:19-48
34        <activity android:name="com.appsnipp.education.TeacherActivity" />
34-->src/main/AndroidManifest.xml:23:9-53
34-->src/main/AndroidManifest.xml:23:19-50
35        <activity android:name="com.appsnipp.education.StudentActivity" />
35-->src/main/AndroidManifest.xml:24:9-53
35-->src/main/AndroidManifest.xml:24:19-50
36        <activity android:name="com.appsnipp.education.ProfileDetailActivity" />
36-->src/main/AndroidManifest.xml:25:9-59
36-->src/main/AndroidManifest.xml:25:19-56
37        <activity
37-->src/main/AndroidManifest.xml:26:9-37:20
38            android:name="com.appsnipp.education.SplashActivity"
38-->src/main/AndroidManifest.xml:27:13-43
39            android:configChanges="keyboard|keyboardHidden|orientation|screenSize"
39-->src/main/AndroidManifest.xml:28:13-83
40            android:screenOrientation="portrait"
40-->src/main/AndroidManifest.xml:29:13-49
41            android:theme="@style/SplashThemeCorrect"
41-->src/main/AndroidManifest.xml:30:13-54
42            android:windowSoftInputMode="adjustResize" >
42-->src/main/AndroidManifest.xml:31:13-55
43            <intent-filter>
43-->src/main/AndroidManifest.xml:32:13-36:29
44                <action android:name="android.intent.action.MAIN" />
44-->src/main/AndroidManifest.xml:33:17-69
44-->src/main/AndroidManifest.xml:33:25-66
45
46                <category android:name="android.intent.category.LAUNCHER" />
46-->src/main/AndroidManifest.xml:35:17-77
46-->src/main/AndroidManifest.xml:35:27-74
47            </intent-filter>
48        </activity> <!-- <activity -->
49        <!-- android:screenOrientation="portrait" -->
50        <!-- android:theme="@style/AppTheme.NoActionBar" -->
51        <!-- android:name=".GamePlayActivity"> -->
52        <!-- </activity> -->
53        <!-- <activity -->
54        <!-- android:name=".CourseStaggedActivity" -->
55        <!-- android:configChanges="orientation|keyboardHidden|screenSize" -->
56        <!-- android:screenOrientation="portrait" -->
57        <!-- android:theme="@style/AppTheme.NoActionBar" -->
58        <!-- android:windowSoftInputMode="adjustPan" /> -->
59        <activity android:name="com.appsnipp.education.LoginActivity" />
59-->src/main/AndroidManifest.xml:48:9-51
59-->src/main/AndroidManifest.xml:48:19-48
60        <activity
60-->src/main/AndroidManifest.xml:49:9-63:20
61            android:name="com.appsnipp.education.MainActivity"
61-->src/main/AndroidManifest.xml:50:13-41
62            android:configChanges="keyboard|keyboardHidden|orientation|screenSize"
62-->src/main/AndroidManifest.xml:51:13-83
63            android:label="@string/app_name"
63-->src/main/AndroidManifest.xml:52:13-45
64            android:screenOrientation="portrait"
64-->src/main/AndroidManifest.xml:53:13-49
65            android:theme="@style/AppTheme.NoActionBar"
65-->src/main/AndroidManifest.xml:54:13-56
66            android:windowSoftInputMode="adjustPan" >
66-->src/main/AndroidManifest.xml:55:13-52
67
68            <!-- <intent-filter> -->
69            <!-- <action android:name="android.intent.action.MAIN" /> -->
70
71
72            <!-- <category android:name="android.intent.category.LAUNCHER" /> -->
73            <!-- </intent-filter> -->
74        </activity>
75        <activity
75-->[com.google.firebase:firebase-auth:21.0.1] AndroidManifest.xml:27:9-44:20
76            android:name="com.google.firebase.auth.internal.GenericIdpActivity"
76-->[com.google.firebase:firebase-auth:21.0.1] AndroidManifest.xml:28:13-80
77            android:excludeFromRecents="true"
77-->[com.google.firebase:firebase-auth:21.0.1] AndroidManifest.xml:29:13-46
78            android:exported="true"
78-->[com.google.firebase:firebase-auth:21.0.1] AndroidManifest.xml:30:13-36
79            android:launchMode="singleTask"
79-->[com.google.firebase:firebase-auth:21.0.1] AndroidManifest.xml:31:13-44
80            android:theme="@android:style/Theme.Translucent.NoTitleBar" >
80-->[com.google.firebase:firebase-auth:21.0.1] AndroidManifest.xml:32:13-72
81            <intent-filter>
81-->[com.google.firebase:firebase-auth:21.0.1] AndroidManifest.xml:33:13-43:29
82                <action android:name="android.intent.action.VIEW" />
82-->[com.google.firebase:firebase-auth:21.0.1] AndroidManifest.xml:34:17-69
82-->[com.google.firebase:firebase-auth:21.0.1] AndroidManifest.xml:34:25-66
83
84                <category android:name="android.intent.category.DEFAULT" />
84-->[com.google.firebase:firebase-auth:21.0.1] AndroidManifest.xml:36:17-76
84-->[com.google.firebase:firebase-auth:21.0.1] AndroidManifest.xml:36:27-73
85                <category android:name="android.intent.category.BROWSABLE" />
85-->[com.google.firebase:firebase-auth:21.0.1] AndroidManifest.xml:37:17-78
85-->[com.google.firebase:firebase-auth:21.0.1] AndroidManifest.xml:37:27-75
86
87                <data
87-->[com.google.firebase:firebase-auth:21.0.1] AndroidManifest.xml:39:17-42:51
88                    android:host="firebase.auth"
88-->[com.google.firebase:firebase-auth:21.0.1] AndroidManifest.xml:40:21-49
89                    android:path="/"
89-->[com.google.firebase:firebase-auth:21.0.1] AndroidManifest.xml:41:21-37
90                    android:scheme="genericidp" />
90-->[com.google.firebase:firebase-auth:21.0.1] AndroidManifest.xml:42:21-48
91            </intent-filter>
92        </activity>
93        <activity
93-->[com.google.firebase:firebase-auth:21.0.1] AndroidManifest.xml:45:9-62:20
94            android:name="com.google.firebase.auth.internal.RecaptchaActivity"
94-->[com.google.firebase:firebase-auth:21.0.1] AndroidManifest.xml:46:13-79
95            android:excludeFromRecents="true"
95-->[com.google.firebase:firebase-auth:21.0.1] AndroidManifest.xml:47:13-46
96            android:exported="true"
96-->[com.google.firebase:firebase-auth:21.0.1] AndroidManifest.xml:48:13-36
97            android:launchMode="singleTask"
97-->[com.google.firebase:firebase-auth:21.0.1] AndroidManifest.xml:49:13-44
98            android:theme="@android:style/Theme.Translucent.NoTitleBar" >
98-->[com.google.firebase:firebase-auth:21.0.1] AndroidManifest.xml:50:13-72
99            <intent-filter>
99-->[com.google.firebase:firebase-auth:21.0.1] AndroidManifest.xml:51:13-61:29
100                <action android:name="android.intent.action.VIEW" />
100-->[com.google.firebase:firebase-auth:21.0.1] AndroidManifest.xml:34:17-69
100-->[com.google.firebase:firebase-auth:21.0.1] AndroidManifest.xml:34:25-66
101
102                <category android:name="android.intent.category.DEFAULT" />
102-->[com.google.firebase:firebase-auth:21.0.1] AndroidManifest.xml:36:17-76
102-->[com.google.firebase:firebase-auth:21.0.1] AndroidManifest.xml:36:27-73
103                <category android:name="android.intent.category.BROWSABLE" />
103-->[com.google.firebase:firebase-auth:21.0.1] AndroidManifest.xml:37:17-78
103-->[com.google.firebase:firebase-auth:21.0.1] AndroidManifest.xml:37:27-75
104
105                <data
105-->[com.google.firebase:firebase-auth:21.0.1] AndroidManifest.xml:39:17-42:51
106                    android:host="firebase.auth"
106-->[com.google.firebase:firebase-auth:21.0.1] AndroidManifest.xml:40:21-49
107                    android:path="/"
107-->[com.google.firebase:firebase-auth:21.0.1] AndroidManifest.xml:41:21-37
108                    android:scheme="recaptcha" />
108-->[com.google.firebase:firebase-auth:21.0.1] AndroidManifest.xml:42:21-48
109            </intent-filter>
110        </activity>
111
112        <service
112-->[com.google.firebase:firebase-auth:21.0.1] AndroidManifest.xml:64:9-73:19
113            android:name="com.google.firebase.auth.api.fallback.service.FirebaseAuthFallbackService"
113-->[com.google.firebase:firebase-auth:21.0.1] AndroidManifest.xml:65:13-101
114            android:enabled="true"
114-->[com.google.firebase:firebase-auth:21.0.1] AndroidManifest.xml:66:13-35
115            android:exported="false" >
115-->[com.google.firebase:firebase-auth:21.0.1] AndroidManifest.xml:67:13-37
116            <intent-filter>
116-->[com.google.firebase:firebase-auth:21.0.1] AndroidManifest.xml:68:13-72:29
117                <action android:name="com.google.firebase.auth.api.gms.service.START" />
117-->[com.google.firebase:firebase-auth:21.0.1] AndroidManifest.xml:69:17-89
117-->[com.google.firebase:firebase-auth:21.0.1] AndroidManifest.xml:69:25-86
118
119                <category android:name="android.intent.category.DEFAULT" />
119-->[com.google.firebase:firebase-auth:21.0.1] AndroidManifest.xml:36:17-76
119-->[com.google.firebase:firebase-auth:21.0.1] AndroidManifest.xml:36:27-73
120            </intent-filter>
121        </service>
122        <service
122-->[com.google.firebase:firebase-auth:21.0.1] AndroidManifest.xml:74:9-80:19
123            android:name="com.google.firebase.components.ComponentDiscoveryService"
123-->[com.google.firebase:firebase-auth:21.0.1] AndroidManifest.xml:75:13-84
124            android:directBootAware="true"
124-->[com.google.firebase:firebase-common:20.0.0] AndroidManifest.xml:35:13-43
125            android:exported="false" >
125-->[com.google.firebase:firebase-auth:21.0.1] AndroidManifest.xml:76:13-37
126            <meta-data
126-->[com.google.firebase:firebase-auth:21.0.1] AndroidManifest.xml:77:13-79:85
127                android:name="com.google.firebase.components:com.google.firebase.auth.FirebaseAuthRegistrar"
127-->[com.google.firebase:firebase-auth:21.0.1] AndroidManifest.xml:78:17-109
128                android:value="com.google.firebase.components.ComponentRegistrar" />
128-->[com.google.firebase:firebase-auth:21.0.1] AndroidManifest.xml:79:17-82
129            <meta-data
129-->[com.google.firebase:firebase-firestore:23.0.2] AndroidManifest.xml:20:13-22:85
130                android:name="com.google.firebase.components:com.google.firebase.firestore.FirestoreRegistrar"
130-->[com.google.firebase:firebase-firestore:23.0.2] AndroidManifest.xml:21:17-111
131                android:value="com.google.firebase.components.ComponentRegistrar" />
131-->[com.google.firebase:firebase-firestore:23.0.2] AndroidManifest.xml:22:17-82
132            <meta-data
132-->[com.google.firebase:firebase-storage:20.0.0] AndroidManifest.xml:33:13-35:85
133                android:name="com.google.firebase.components:com.google.firebase.storage.StorageRegistrar"
133-->[com.google.firebase:firebase-storage:20.0.0] AndroidManifest.xml:34:17-107
134                android:value="com.google.firebase.components.ComponentRegistrar" />
134-->[com.google.firebase:firebase-storage:20.0.0] AndroidManifest.xml:35:17-82
135        </service>
136
137        <provider
137-->[com.google.firebase:firebase-common:20.0.0] AndroidManifest.xml:26:9-31:39
138            android:name="com.google.firebase.provider.FirebaseInitProvider"
138-->[com.google.firebase:firebase-common:20.0.0] AndroidManifest.xml:27:13-77
139            android:authorities="com.appsnipp.education.firebaseinitprovider"
139-->[com.google.firebase:firebase-common:20.0.0] AndroidManifest.xml:28:13-72
140            android:directBootAware="true"
140-->[com.google.firebase:firebase-common:20.0.0] AndroidManifest.xml:29:13-43
141            android:exported="false"
141-->[com.google.firebase:firebase-common:20.0.0] AndroidManifest.xml:30:13-37
142            android:initOrder="100" />
142-->[com.google.firebase:firebase-common:20.0.0] AndroidManifest.xml:31:13-36
143
144        <activity
144-->[com.google.android.gms:play-services-base:17.1.0] AndroidManifest.xml:23:9-26:75
145            android:name="com.google.android.gms.common.api.GoogleApiActivity"
145-->[com.google.android.gms:play-services-base:17.1.0] AndroidManifest.xml:24:13-79
146            android:exported="false"
146-->[com.google.android.gms:play-services-base:17.1.0] AndroidManifest.xml:25:13-37
147            android:theme="@android:style/Theme.Translucent.NoTitleBar" />
147-->[com.google.android.gms:play-services-base:17.1.0] AndroidManifest.xml:26:13-72
148
149        <meta-data
149-->[com.google.android.gms:play-services-basement:17.1.0] AndroidManifest.xml:23:9-25:69
150            android:name="com.google.android.gms.version"
150-->[com.google.android.gms:play-services-basement:17.1.0] AndroidManifest.xml:24:13-58
151            android:value="@integer/google_play_services_version" />
151-->[com.google.android.gms:play-services-basement:17.1.0] AndroidManifest.xml:25:13-66
152
153        <provider
153-->[androidx.lifecycle:lifecycle-process:2.2.0] AndroidManifest.xml:25:9-29:43
154            android:name="androidx.lifecycle.ProcessLifecycleOwnerInitializer"
154-->[androidx.lifecycle:lifecycle-process:2.2.0] AndroidManifest.xml:26:13-79
155            android:authorities="com.appsnipp.education.lifecycle-process"
155-->[androidx.lifecycle:lifecycle-process:2.2.0] AndroidManifest.xml:27:13-69
156            android:exported="false"
156-->[androidx.lifecycle:lifecycle-process:2.2.0] AndroidManifest.xml:28:13-37
157            android:multiprocess="true" /> <!-- The activities will be merged into the manifest of the hosting app. -->
157-->[androidx.lifecycle:lifecycle-process:2.2.0] AndroidManifest.xml:29:13-40
158        <activity
158-->[com.google.android.play:core:1.7.2] AndroidManifest.xml:12:5-271
159            android:name="com.google.android.play.core.missingsplits.PlayCoreMissingSplitsActivity"
159-->[com.google.android.play:core:1.7.2] AndroidManifest.xml:12:15-102
160            android:enabled="false"
160-->[com.google.android.play:core:1.7.2] AndroidManifest.xml:12:103-126
161            android:exported="false"
161-->[com.google.android.play:core:1.7.2] AndroidManifest.xml:12:127-151
162            android:launchMode="singleInstance"
162-->[com.google.android.play:core:1.7.2] AndroidManifest.xml:12:204-239
163            android:process=":playcore_missing_splits_activity"
163-->[com.google.android.play:core:1.7.2] AndroidManifest.xml:12:152-203
164            android:stateNotNeeded="true" />
164-->[com.google.android.play:core:1.7.2] AndroidManifest.xml:12:240-269
165        <activity
165-->[com.google.android.play:core:1.7.2] AndroidManifest.xml:13:5-226
166            android:name="com.google.android.play.core.common.PlayCoreDialogWrapperActivity"
166-->[com.google.android.play:core:1.7.2] AndroidManifest.xml:13:15-95
167            android:enabled="false"
167-->[com.google.android.play:core:1.7.2] AndroidManifest.xml:13:96-119
168            android:exported="false"
168-->[com.google.android.play:core:1.7.2] AndroidManifest.xml:13:120-144
169            android:stateNotNeeded="true"
169-->[com.google.android.play:core:1.7.2] AndroidManifest.xml:13:145-174
170            android:theme="@style/Theme.PlayCore.Transparent" /> <!-- The service will be merged into the manifest of the hosting app. -->
170-->[com.google.android.play:core:1.7.2] AndroidManifest.xml:13:175-224
171        <service
171-->[com.google.android.play:core:1.7.2] AndroidManifest.xml:16:5-145
172            android:name="com.google.android.play.core.assetpacks.AssetPackExtractionService"
172-->[com.google.android.play:core:1.7.2] AndroidManifest.xml:16:14-95
173            android:enabled="false"
173-->[com.google.android.play:core:1.7.2] AndroidManifest.xml:16:96-119
174            android:exported="true" />
174-->[com.google.android.play:core:1.7.2] AndroidManifest.xml:16:120-143
175    </application>
176
177</manifest>